08:20:42.811 [main] INFO  testCases.TC002_LoginTest - *******  Starting TC002_LoginTest ********** 
08:20:45.707 [main] INFO  testCases.TC002_LoginTest - *******  Finished TC001_AccountRegistrationTest ********** 
08:21:13.111 [main] INFO  testCases.TC002_LoginTest - *******  Starting TC002_LoginTest ********** 
08:21:15.383 [main] INFO  testCases.TC002_LoginTest - *******  Finished TC001_AccountRegistrationTest ********** 
09:30:48.361 [main] INFO  testCases.TC002_LoginTest - *******  Starting TC002_LoginTest ********** 
09:30:50.745 [main] INFO  testCases.TC002_LoginTest - *******  Finished TC001_AccountRegistrationTest ********** 
09:46:46.081 [main] INFO  testCases.TC002_LoginTest - *******  Starting TC002_LoginTest ********** 
09:46:48.083 [main] INFO  testCases.TC002_LoginTest - *******  Finished TC001_AccountRegistrationTest ********** 
09:48:26.111 [main] INFO  testCases.TC001_AccountRegistrationTest - *******  Starting TC001_AccountRegistrationTest ********** 
09:48:26.338 [main] INFO  testCases.TC001_AccountRegistrationTest - Clicked on MyAccount Link 
09:48:26.921 [main] INFO  testCases.TC001_AccountRegistrationTest - Clicked on Register Link 
09:48:26.924 [main] INFO  testCases.TC001_AccountRegistrationTest - Providing Customer details..
09:48:34.046 [main] INFO  testCases.TC001_AccountRegistrationTest - Validating expected message..
09:48:34.085 [main] INFO  testCases.TC001_AccountRegistrationTest - *******  Finished TC001_AccountRegistrationTest ********** 
09:49:22.161 [main] INFO  testCases.TC001_AccountRegistrationTest - *******  Starting TC001_AccountRegistrationTest ********** 
09:49:22.344 [main] INFO  testCases.TC001_AccountRegistrationTest - Clicked on MyAccount Link 
09:49:22.729 [main] INFO  testCases.TC001_AccountRegistrationTest - Clicked on Register Link 
09:49:22.736 [main] INFO  testCases.TC001_AccountRegistrationTest - Providing Customer details..
09:49:29.899 [main] INFO  testCases.TC001_AccountRegistrationTest - Validating expected message..
09:49:29.961 [main] INFO  testCases.TC001_AccountRegistrationTest - *******  Finished TC001_AccountRegistrationTest ********** 
09:49:33.177 [main] INFO  testCases.TC002_LoginTest - *******  Starting TC002_LoginTest ********** 
09:49:35.005 [main] INFO  testCases.TC002_LoginTest - *******  Finished TC001_AccountRegistrationTest ********** 
21:24:36.343 [main] INFO  testCases.TC001_AccountRegistrationTest - *******  Starting TC001_AccountRegistrationTest ********** 
21:24:36.502 [main] INFO  testCases.TC001_AccountRegistrationTest - Clicked on MyAccount Link 
21:24:38.527 [main] INFO  testCases.TC001_AccountRegistrationTest - Clicked on Register Link 
21:24:38.530 [main] INFO  testCases.TC001_AccountRegistrationTest - Providing Customer details..
21:24:47.308 [main] INFO  testCases.TC001_AccountRegistrationTest - Validating expected message..
21:24:47.343 [main] INFO  testCases.TC001_AccountRegistrationTest - *******  Finished TC001_AccountRegistrationTest ********** 
21:27:58.538 [main] INFO  testCases.TC001_AccountRegistrationTest - *******  Starting TC001_AccountRegistrationTest ********** 
21:27:58.681 [main] INFO  testCases.TC001_AccountRegistrationTest - Clicked on MyAccount Link 
21:27:59.184 [main] INFO  testCases.TC001_AccountRegistrationTest - Clicked on Register Link 
21:27:59.191 [main] INFO  testCases.TC001_AccountRegistrationTest - Providing Customer details..
21:28:05.799 [main] INFO  testCases.TC001_AccountRegistrationTest - Validating expected message..
21:28:05.831 [main] INFO  testCases.TC001_AccountRegistrationTest - *******  Finished TC001_AccountRegistrationTest ********** 
21:29:48.950 [main] INFO  testCases.TC001_AccountRegistrationTest - *******  Starting TC001_AccountRegistrationTest ********** 
21:29:49.081 [main] INFO  testCases.TC001_AccountRegistrationTest - Clicked on MyAccount Link 
21:29:49.679 [main] INFO  testCases.TC001_AccountRegistrationTest - Clicked on Register Link 
21:29:49.691 [main] INFO  testCases.TC001_AccountRegistrationTest - Providing Customer details..
21:29:57.561 [main] INFO  testCases.TC001_AccountRegistrationTest - Validating expected message..
21:29:57.598 [main] INFO  testCases.TC001_AccountRegistrationTest - *******  Finished TC001_AccountRegistrationTest ********** 
21:31:16.190 [main] INFO  testCases.TC001_AccountRegistrationTest - *******  Starting TC001_AccountRegistrationTest ********** 
21:31:16.373 [main] INFO  testCases.TC001_AccountRegistrationTest - Clicked on MyAccount Link 
21:31:17.142 [main] INFO  testCases.TC001_AccountRegistrationTest - Clicked on Register Link 
21:31:17.144 [main] INFO  testCases.TC001_AccountRegistrationTest - Providing Customer details..
21:31:23.646 [main] INFO  testCases.TC001_AccountRegistrationTest - Validating expected message..
21:31:23.678 [main] INFO  testCases.TC001_AccountRegistrationTest - *******  Finished TC001_AccountRegistrationTest ********** 
21:34:59.665 [main] INFO  testCases.TC001_AccountRegistrationTest - *******  Starting TC001_AccountRegistrationTest ********** 
