23:17:27.025 [main] INFO  testCases.TC001_AccountRegistrationTest - Clicked on Register Link 
23:17:27.035 [main] INFO  testCases.TC001_AccountRegistrationTest - Providing Customer details..
23:17:32.827 [main] INFO  testCases.TC001_AccountRegistrationTest - Validating expected message..
23:17:32.865 [main] INFO  testCases.TC001_AccountRegistrationTest - *******  Finished TC001_AccountRegistrationTest ********** 
23:17:38.001 [main] INFO  testCases.TC002_LoginTest - *******  Starting TC002_LoginTest ********** 
23:17:39.599 [main] INFO  testCases.TC002_LoginTest - *******  Finished TC001_AccountRegistrationTest ********** 
12:11:26.701 [main] INFO  testCases.TC001_AccountRegistrationTest - *******  Starting TC001_AccountRegistrationTest ********** 
12:11:26.898 [main] INFO  testCases.TC001_AccountRegistrationTest - Clicked on MyAccount Link 
12:11:28.056 [main] INFO  testCases.TC001_AccountRegistrationTest - Clicked on Register Link 
12:11:28.056 [main] INFO  testCases.TC001_AccountRegistrationTest - Providing Customer details..
12:11:34.690 [main] INFO  testCases.TC001_AccountRegistrationTest - Validating expected message..
12:11:34.722 [main] INFO  testCases.TC001_AccountRegistrationTest - *******  Finished TC001_AccountRegistrationTest ********** 
12:11:39.396 [main] INFO  testCases.TC002_LoginTest - *******  Starting TC002_LoginTest ********** 
12:11:41.053 [main] INFO  testCases.TC002_LoginTest - *******  Finished TC001_AccountRegistrationTest ********** 
12:27:52.789 [main] INFO  testCases.TC001_AccountRegistrationTest - *******  Starting TC001_AccountRegistrationTest ********** 
12:27:52.894 [main] INFO  testCases.TC001_AccountRegistrationTest - Clicked on MyAccount Link 
12:27:53.343 [main] INFO  testCases.TC001_AccountRegistrationTest - Clicked on Register Link 
12:27:53.348 [main] INFO  testCases.TC001_AccountRegistrationTest - Providing Customer details..
12:27:59.821 [main] INFO  testCases.TC001_AccountRegistrationTest - Validating expected message..
12:27:59.865 [main] INFO  testCases.TC001_AccountRegistrationTest - *******  Finished TC001_AccountRegistrationTest ********** 
12:28:02.710 [main] INFO  testCases.TC002_LoginTest - *******  Starting TC002_LoginTest ********** 
12:28:04.301 [main] INFO  testCases.TC002_LoginTest - *******  Finished TC001_AccountRegistrationTest ********** 
12:59:45.446 [main] INFO  testCases.TC001_AccountRegistrationTest - *******  Starting TC001_AccountRegistrationTest ********** 
12:59:45.638 [main] INFO  testCases.TC001_AccountRegistrationTest - Clicked on MyAccount Link 
12:59:46.740 [main] INFO  testCases.TC001_AccountRegistrationTest - Clicked on Register Link 
12:59:46.751 [main] INFO  testCases.TC001_AccountRegistrationTest - Providing Customer details..
12:59:53.344 [main] INFO  testCases.TC001_AccountRegistrationTest - Validating expected message..
12:59:53.392 [main] INFO  testCases.TC001_AccountRegistrationTest - *******  Finished TC001_AccountRegistrationTest ********** 
12:59:56.745 [main] INFO  testCases.TC002_LoginTest - *******  Starting TC002_LoginTest ********** 
12:59:58.311 [main] INFO  testCases.TC002_LoginTest - *******  Finished TC001_AccountRegistrationTest ********** 
