21:34:59.790 [main] INFO  testCases.TC001_AccountRegistrationTest - Clicked on MyAccount Link 
21:35:01.289 [main] INFO  testCases.TC001_AccountRegistrationTest - Clicked on Register Link 
21:35:01.289 [main] INFO  testCases.TC001_AccountRegistrationTest - Providing Customer details..
21:35:08.268 [main] INFO  testCases.TC001_AccountRegistrationTest - Validating expected message..
21:35:08.315 [main] INFO  testCases.TC001_AccountRegistrationTest - *******  Finished TC001_AccountRegistrationTest ********** 
22:24:58.179 [main] INFO  testCases.TC001_AccountRegistrationTest - *******  Starting TC001_AccountRegistrationTest ********** 
22:24:58.352 [main] INFO  testCases.TC001_AccountRegistrationTest - Clicked on MyAccount Link 
22:24:59.003 [main] INFO  testCases.TC001_AccountRegistrationTest - Clicked on Register Link 
22:24:59.007 [main] INFO  testCases.TC001_AccountRegistrationTest - Providing Customer details..
22:25:06.002 [main] INFO  testCases.TC001_AccountRegistrationTest - Validating expected message..
22:25:06.063 [main] INFO  testCases.TC001_AccountRegistrationTest - *******  Finished TC001_AccountRegistrationTest ********** 
22:25:10.860 [main] INFO  testCases.TC002_LoginTest - *******  Starting TC002_LoginTest ********** 
22:25:12.571 [main] INFO  testCases.TC002_LoginTest - *******  Finished TC001_AccountRegistrationTest ********** 
22:26:07.853 [main] INFO  testCases.TC001_AccountRegistrationTest - *******  Starting TC001_AccountRegistrationTest ********** 
22:26:07.994 [main] INFO  testCases.TC001_AccountRegistrationTest - Clicked on MyAccount Link 
22:26:08.451 [main] INFO  testCases.TC001_AccountRegistrationTest - Clicked on Register Link 
22:26:08.455 [main] INFO  testCases.TC001_AccountRegistrationTest - Providing Customer details..
22:26:15.039 [main] INFO  testCases.TC001_AccountRegistrationTest - Validating expected message..
22:26:15.071 [main] INFO  testCases.TC001_AccountRegistrationTest - *******  Finished TC001_AccountRegistrationTest ********** 
22:26:18.005 [main] INFO  testCases.TC002_LoginTest - *******  Starting TC002_LoginTest ********** 
22:26:19.801 [main] INFO  testCases.TC002_LoginTest - *******  Finished TC001_AccountRegistrationTest ********** 
10:01:19.459 [main] INFO  testCases.TC001_AccountRegistrationTest - *******  Starting TC001_AccountRegistrationTest ********** 
10:01:19.609 [main] INFO  testCases.TC001_AccountRegistrationTest - Clicked on MyAccount Link 
10:01:19.969 [main] INFO  testCases.TC001_AccountRegistrationTest - Clicked on Register Link 
10:01:19.978 [main] INFO  testCases.TC001_AccountRegistrationTest - Providing Customer details..
10:01:27.018 [main] INFO  testCases.TC001_AccountRegistrationTest - Validating expected message..
10:01:27.050 [main] INFO  testCases.TC001_AccountRegistrationTest - *******  Finished TC001_AccountRegistrationTest ********** 
10:01:30.041 [main] INFO  testCases.TC002_LoginTest - *******  Starting TC002_LoginTest ********** 
10:01:31.697 [main] INFO  testCases.TC002_LoginTest - *******  Finished TC001_AccountRegistrationTest ********** 
10:02:11.564 [main] INFO  testCases.TC001_AccountRegistrationTest - *******  Starting TC001_AccountRegistrationTest ********** 
10:02:11.692 [main] INFO  testCases.TC001_AccountRegistrationTest - Clicked on MyAccount Link 
10:02:12.041 [main] INFO  testCases.TC001_AccountRegistrationTest - Clicked on Register Link 
10:02:12.045 [main] INFO  testCases.TC001_AccountRegistrationTest - Providing Customer details..
10:02:18.618 [main] INFO  testCases.TC001_AccountRegistrationTest - Validating expected message..
10:02:18.665 [main] INFO  testCases.TC001_AccountRegistrationTest - *******  Finished TC001_AccountRegistrationTest ********** 
10:02:21.552 [main] INFO  testCases.TC002_LoginTest - *******  Starting TC002_LoginTest ********** 
10:02:23.037 [main] INFO  testCases.TC002_LoginTest - *******  Finished TC001_AccountRegistrationTest ********** 
23:17:06.559 [main] INFO  testCases.TC001_AccountRegistrationTest - *******  Starting TC001_AccountRegistrationTest ********** 
23:17:06.943 [main] INFO  testCases.TC001_AccountRegistrationTest - Clicked on MyAccount Link 
23:17:07.489 [main] INFO  testCases.TC001_AccountRegistrationTest - Clicked on Register Link 
23:17:07.497 [main] INFO  testCases.TC001_AccountRegistrationTest - Providing Customer details..
23:17:15.324 [main] INFO  testCases.TC001_AccountRegistrationTest - Validating expected message..
23:17:15.408 [main] INFO  testCases.TC001_AccountRegistrationTest - *******  Finished TC001_AccountRegistrationTest ********** 
23:17:17.232 [main] INFO  testCases.TC002_LoginTest - *******  Starting TC002_LoginTest ********** 
23:17:19.264 [main] INFO  testCases.TC002_LoginTest - *******  Finished TC001_AccountRegistrationTest ********** 
23:17:26.053 [main] INFO  testCases.TC001_AccountRegistrationTest - *******  Starting TC001_AccountRegistrationTest ********** 
23:17:26.403 [main] INFO  testCases.TC001_AccountRegistrationTest - Clicked on MyAccount Link 
